mode: set
testify_mockery1/packageA/packageA.go:16.31,18.2 1 1
testify_mockery1/packageA/packageA.go:21.39,23.2 1 1
testify_mockery1/packageB/packageB.go:19.35,21.2 1 1
testify_mockery1/packageB/packageB.go:23.37,26.2 1 1
testify_mockery1/packageB/packageB.go:29.38,32.2 1 1
testify_mockery1/packageB/packageB.go:34.38,36.2 1 0
testify_mockery1/packageB_C/packageB_C.go:24.48,28.2 2 0
testify_mockery1/packageB_C/packageB_C.go:30.49,34.2 2 0
testify_mockery1/packageB_C/mocks/B_CIfc.go:13.54,17.51 3 0
testify_mockery1/packageB_C/mocks/B_CIfc.go:17.51,19.3 1 0
testify_mockery1/packageB_C/mocks/B_CIfc.go:19.8,21.3 1 0
testify_mockery1/packageB_C/mocks/B_CIfc.go:23.2,23.11 1 0
testify_mockery1/packageB_C/mocks/B_CIfc.go:27.55,31.51 3 1
testify_mockery1/packageB_C/mocks/B_CIfc.go:31.51,33.3 1 0
testify_mockery1/packageB_C/mocks/B_CIfc.go:33.8,35.3 1 1
testify_mockery1/packageB_C/mocks/B_CIfc.go:37.2,37.11 1 1
testify_mockery1/packageB_C/mocks/B_CIfc.go:45.12,49.19 3 0
testify_mockery1/packageB_C/mocks/B_CIfc.go:49.19,49.49 1 0
testify_mockery1/packageB_C/mocks/B_CIfc.go:51.2,51.13 1 0
testify_mockery1/packageC/packageC.go:12.37,15.2 2 0
